INFO [2021-08-18 16:55:29] $x
INFO [2021-08-18 16:55:29] list(gene_list_symb, gene_list_temp, gene_list_Inter)
INFO [2021-08-18 16:55:29] 
INFO [2021-08-18 16:55:29] $category.names
INFO [2021-08-18 16:55:29] c("Symb", "Temp ", "Symb:Temp")
INFO [2021-08-18 16:55:29] 
INFO [2021-08-18 16:55:29] $filename
INFO [2021-08-18 16:55:29] [1] "../output/figures/DMG_GM_venn_diagramm.png"
INFO [2021-08-18 16:55:29] 
INFO [2021-08-18 16:55:29] $output
INFO [2021-08-18 16:55:29] [1] TRUE
INFO [2021-08-18 16:55:29] 
INFO [2021-08-18 16:55:29] $imagetype
INFO [2021-08-18 16:55:29] [1] "png"
INFO [2021-08-18 16:55:29] 
INFO [2021-08-18 16:55:29] $height
INFO [2021-08-18 16:55:29] [1] 480
INFO [2021-08-18 16:55:29] 
INFO [2021-08-18 16:55:29] $width
INFO [2021-08-18 16:55:29] [1] 480
INFO [2021-08-18 16:55:29] 
INFO [2021-08-18 16:55:29] $resolution
INFO [2021-08-18 16:55:29] [1] 300
INFO [2021-08-18 16:55:29] 
INFO [2021-08-18 16:55:29] $compression
INFO [2021-08-18 16:55:29] [1] "lzw"
INFO [2021-08-18 16:55:29] 
INFO [2021-08-18 16:55:29] $lwd
INFO [2021-08-18 16:55:29] [1] 2
INFO [2021-08-18 16:55:29] 
INFO [2021-08-18 16:55:29] $lty
INFO [2021-08-18 16:55:29] [1] "blank"
INFO [2021-08-18 16:55:29] 
INFO [2021-08-18 16:55:29] $fill
INFO [2021-08-18 16:55:29] myCol
INFO [2021-08-18 16:55:29] 
INFO [2021-08-18 16:55:29] $cex
INFO [2021-08-18 16:55:29] [1] 0.6
INFO [2021-08-18 16:55:29] 
INFO [2021-08-18 16:55:29] $fontface
INFO [2021-08-18 16:55:29] [1] "bold"
INFO [2021-08-18 16:55:29] 
INFO [2021-08-18 16:55:29] $fontfamily
INFO [2021-08-18 16:55:29] [1] "sans"
INFO [2021-08-18 16:55:29] 
INFO [2021-08-18 16:55:29] $cat.cex
INFO [2021-08-18 16:55:29] [1] 0.6
INFO [2021-08-18 16:55:29] 
INFO [2021-08-18 16:55:29] $cat.fontface
INFO [2021-08-18 16:55:29] [1] "bold"
INFO [2021-08-18 16:55:29] 
INFO [2021-08-18 16:55:29] $cat.default.pos
INFO [2021-08-18 16:55:29] [1] "outer"
INFO [2021-08-18 16:55:29] 
INFO [2021-08-18 16:55:29] $cat.pos
INFO [2021-08-18 16:55:29] c(-27, 27, 135)
INFO [2021-08-18 16:55:29] 
INFO [2021-08-18 16:55:29] $cat.dist
INFO [2021-08-18 16:55:29] c(0.055, 0.055, 0.085)
INFO [2021-08-18 16:55:29] 
INFO [2021-08-18 16:55:29] $cat.fontfamily
INFO [2021-08-18 16:55:29] [1] "sans"
INFO [2021-08-18 16:55:29] 
INFO [2021-08-18 16:55:29] $rotation
INFO [2021-08-18 16:55:29] [1] 1
INFO [2021-08-18 16:55:29] 
