INFO [2021-08-18 18:11:13] $x
INFO [2021-08-18 18:11:13] list(gene_list_DEG_CHvCC, gene_list_DMG_CHvCC)
INFO [2021-08-18 18:11:13] 
INFO [2021-08-18 18:11:13] $category.names
INFO [2021-08-18 18:11:13] c("DEGs", "DMGs")
INFO [2021-08-18 18:11:13] 
INFO [2021-08-18 18:11:13] $filename
INFO [2021-08-18 18:11:13] [1] "../output/figures/DMG_DEG_ChCc_venn_diagramm.png"
INFO [2021-08-18 18:11:13] 
INFO [2021-08-18 18:11:13] $output
INFO [2021-08-18 18:11:13] [1] TRUE
INFO [2021-08-18 18:11:13] 
INFO [2021-08-18 18:11:13] $imagetype
INFO [2021-08-18 18:11:13] [1] "png"
INFO [2021-08-18 18:11:13] 
INFO [2021-08-18 18:11:13] $height
INFO [2021-08-18 18:11:13] [1] 480
INFO [2021-08-18 18:11:13] 
INFO [2021-08-18 18:11:13] $width
INFO [2021-08-18 18:11:13] [1] 480
INFO [2021-08-18 18:11:13] 
INFO [2021-08-18 18:11:13] $resolution
INFO [2021-08-18 18:11:13] [1] 300
INFO [2021-08-18 18:11:13] 
INFO [2021-08-18 18:11:13] $compression
INFO [2021-08-18 18:11:13] [1] "lzw"
INFO [2021-08-18 18:11:13] 
INFO [2021-08-18 18:11:13] $lwd
INFO [2021-08-18 18:11:13] [1] 2
INFO [2021-08-18 18:11:13] 
INFO [2021-08-18 18:11:13] $lty
INFO [2021-08-18 18:11:13] [1] "blank"
INFO [2021-08-18 18:11:13] 
INFO [2021-08-18 18:11:13] $fill
INFO [2021-08-18 18:11:13] myCol
INFO [2021-08-18 18:11:13] 
INFO [2021-08-18 18:11:13] $cex
INFO [2021-08-18 18:11:13] [1] 0.6
INFO [2021-08-18 18:11:13] 
INFO [2021-08-18 18:11:13] $fontface
INFO [2021-08-18 18:11:13] [1] "bold"
INFO [2021-08-18 18:11:13] 
INFO [2021-08-18 18:11:13] $fontfamily
INFO [2021-08-18 18:11:13] [1] "sans"
INFO [2021-08-18 18:11:13] 
INFO [2021-08-18 18:11:13] $cat.cex
INFO [2021-08-18 18:11:13] [1] 0.6
INFO [2021-08-18 18:11:13] 
INFO [2021-08-18 18:11:13] $cat.fontface
INFO [2021-08-18 18:11:13] [1] "bold"
INFO [2021-08-18 18:11:13] 
INFO [2021-08-18 18:11:13] $cat.default.pos
INFO [2021-08-18 18:11:13] [1] "outer"
INFO [2021-08-18 18:11:13] 
INFO [2021-08-18 18:11:13] $cat.fontfamily
INFO [2021-08-18 18:11:13] [1] "sans"
INFO [2021-08-18 18:11:13] 
