INFO [2021-08-18 18:11:19] $x
INFO [2021-08-18 18:11:19] list(gene_list_DEG_DHvCH, gene_list_DMG_DHvCH)
INFO [2021-08-18 18:11:19] 
INFO [2021-08-18 18:11:19] $category.names
INFO [2021-08-18 18:11:19] c("DEGs", "DMGs")
INFO [2021-08-18 18:11:19] 
INFO [2021-08-18 18:11:19] $filename
INFO [2021-08-18 18:11:19] [1] "../output/figures/DMG_DEG_DhCh_venn_diagramm.png"
INFO [2021-08-18 18:11:19] 
INFO [2021-08-18 18:11:19] $output
INFO [2021-08-18 18:11:19] [1] TRUE
INFO [2021-08-18 18:11:19] 
INFO [2021-08-18 18:11:19] $imagetype
INFO [2021-08-18 18:11:19] [1] "png"
INFO [2021-08-18 18:11:19] 
INFO [2021-08-18 18:11:19] $height
INFO [2021-08-18 18:11:19] [1] 480
INFO [2021-08-18 18:11:19] 
INFO [2021-08-18 18:11:19] $width
INFO [2021-08-18 18:11:19] [1] 480
INFO [2021-08-18 18:11:19] 
INFO [2021-08-18 18:11:19] $resolution
INFO [2021-08-18 18:11:19] [1] 300
INFO [2021-08-18 18:11:19] 
INFO [2021-08-18 18:11:19] $compression
INFO [2021-08-18 18:11:19] [1] "lzw"
INFO [2021-08-18 18:11:19] 
INFO [2021-08-18 18:11:19] $lwd
INFO [2021-08-18 18:11:19] [1] 2
INFO [2021-08-18 18:11:19] 
INFO [2021-08-18 18:11:19] $lty
INFO [2021-08-18 18:11:19] [1] "blank"
INFO [2021-08-18 18:11:19] 
INFO [2021-08-18 18:11:19] $fill
INFO [2021-08-18 18:11:19] myCol3
INFO [2021-08-18 18:11:19] 
INFO [2021-08-18 18:11:19] $cex
INFO [2021-08-18 18:11:19] [1] 0.6
INFO [2021-08-18 18:11:19] 
INFO [2021-08-18 18:11:19] $fontface
INFO [2021-08-18 18:11:19] [1] "bold"
INFO [2021-08-18 18:11:19] 
INFO [2021-08-18 18:11:19] $fontfamily
INFO [2021-08-18 18:11:19] [1] "sans"
INFO [2021-08-18 18:11:19] 
INFO [2021-08-18 18:11:19] $cat.cex
INFO [2021-08-18 18:11:19] [1] 0.6
INFO [2021-08-18 18:11:19] 
INFO [2021-08-18 18:11:19] $cat.fontface
INFO [2021-08-18 18:11:19] [1] "bold"
INFO [2021-08-18 18:11:19] 
INFO [2021-08-18 18:11:19] $cat.default.pos
INFO [2021-08-18 18:11:19] [1] "outer"
INFO [2021-08-18 18:11:19] 
INFO [2021-08-18 18:11:19] $cat.fontfamily
INFO [2021-08-18 18:11:19] [1] "sans"
INFO [2021-08-18 18:11:19] 
